commit 3087ce82dc3ddcd8aeb3e0f416acc5124b359a0b
Author: samtby <julien.boulay@epsi.fr>
Date:   Mon Jun 5 22:02:34 2023 +0200

    test ingnore fichier suivie sur depot en ligne

commit 2d2bad98cf1de14df5921943170bb5221fc0c705
Author: samtby <julien.boulay@epsi.fr>
Date:   Mon Jun 5 21:55:52 2023 +0200

     ajout d'un gist

commit 9d015a6b39381a73e4d7bc2c01cad4a5f91da856
Author: samtby <julien.boulay@epsi.fr>
Date:   Mon Jun 5 21:36:41 2023 +0200

    chengement titre en h1

commit f4e0719842b4e37e4574a4d1f31d886ee942378e
Author: samtby <julien.boulay@epsi.fr>
Date:   Mon Jun 5 21:09:23 2023 +0200

    Ajout titre modification

commit e0e6955d718b09a8fa9bb53974bf960c767b4c40
Author: samtby <julien.boulay@epsi.fr>
Date:   Fri Mar 24 19:18:50 2023 +0100

     titre su site

commit 820642c6f60027185c9609432df2e5819b5edf22
Author: samtby <julien.boulay@epsi.fr>
Date:   Fri Mar 24 19:05:26 2023 +0100

    init site

commit fbcb4d58c0964fbeb4555f95e2c3b0856b577cfe
Author: Noroc <49724698+samtby@users.noreply.github.com>
Date:   Thu Feb 16 20:24:22 2023 +0100

    Initial commit
